#
# A fatal error has been detected by the Java Runtime Environment:
#
#  EXCEPTION_ACCESS_VIOLATION (0xc0000005) at pc=0x000000006680854e, pid=12256, tid=0x0000000000002f90
#
# JRE version: OpenJDK Runtime Environment (8.0_152-b02) (build 1.8.0_152-release-1024-b02)
# Java VM: OpenJDK 64-Bit Server VM (25.152-b02 mixed mode windows-amd64 compressed oops)
# Problematic frame:
# V  [jvm.dll+0x46854e]
#
# Failed to write core dump. Minidumps are not enabled by default on client versions of Windows
#
# If you would like to submit a bug report, please visit:
#   http://bugreport.java.com/bugreport/crash.jsp
#

---------------  T H R E A D  ---------------

Current thread (0x0000000016d4b000):  JavaThread "C2 CompilerThread1" daemon [_thread_in_native, id=12176, stack(0x0000000019430000,0x0000000019530000)]

siginfo: ExceptionCode=0xc0000005, reading address 0xffffffffffffffff

Registers:
RAX=0x0000000023e92f40, RBX=0x0000000025669d90, RCX=0x0000000000000001, RDX=0x0000000000000001
RSP=0x000000001952be50, RBP=0x0000000000004d37, RSI=0x000000001952bf50, RDI=0x0000000000004d37
R8 =0x0000000000800000, R9 =0x8000000066b65090, R10=0x00000000663a0000, R11=0x000000001952bd40
R12=0x0000000066b65090, R13=0x00000000663a0000, R14=0x000000001c499328, R15=0x00000000000003d8
RIP=0x000000006680854e, EFLAGS=0x0000000000010206

Top of Stack: (sp=0x000000001952be50)
0x000000001952be50:   00000000257f73b0 00000000257f73b0
0x000000001952be60:   0000000000004d37 000000001952bf50
0x000000001952be70:   000007e500000000 0000000000000008
0x000000001952be80:   000000001f307060 0000000000000008
0x000000001952be90:   000000001c958ac0 0000000000000054
0x000000001952bea0:   000000002591f2b0 000000001952c240
0x000000001952beb0:   000000001c498f50 000000001952c240
0x000000001952bec0:   000000001c498f40 00000000667d4c91
0x000000001952bed0:   0000000000000000 000000001952bfd0
0x000000001952bee0:   0000000000000000 0000000000000006
0x000000001952bef0:   0000000000000002 000000001c498f40
0x000000001952bf00:   000000001f2eed80 000000001f2f6050
0x000000001952bf10:   000000001f2f6d68 0000000001b38600
0x000000001952bf20:   0000000000000002 000000001c49a2f0
0x000000001952bf30:   000000001c49a2f0 000000001c49a300
0x000000001952bf40:   000000001c49a6d8 00000000000003d8 

Instructions: (pc=0x000000006680854e)
0x000000006680852e:   e8 bd 4a 00 00 4c 8b c8 8b d7 8b cf 41 b8 01 00
0x000000006680853e:   00 00 c1 ea 05 83 e1 1f 83 e2 07 41 d3 e0 8b ca
0x000000006680854e:   41 8b 14 91 8b c2 41 0b c0 41 89 04 89 41 85 d0
0x000000006680855e:   0f 85 44 ff ff ff ff 03 e9 3d ff ff ff ff c7 3b 


Register to memory mapping:

RAX=0x0000000023e92f40 is an unknown value
RBX=0x0000000025669d90 is an unknown value
RCX=0x0000000000000001 is an unknown value
RDX=0x0000000000000001 is an unknown value
RSP=0x000000001952be50 is pointing into the stack for thread: 0x0000000016d4b000
RBP=0x0000000000004d37 is an unknown value
RSI=0x000000001952bf50 is pointing into the stack for thread: 0x0000000016d4b000
RDI=0x0000000000004d37 is an unknown value
R8 =0x0000000000800000 is an unknown value
R9 =0x8000000066b65090 is an unknown value
R10=0x00000000663a0000 is an unknown value
R11=0x000000001952bd40 is pointing into the stack for thread: 0x0000000016d4b000
R12=0x0000000066b65090 is an unknown value
R13=0x00000000663a0000 is an unknown value
R14=0x000000001c499328 is an unknown value
R15=0x00000000000003d8 is an unknown value


Stack: [0x0000000019430000,0x0000000019530000],  sp=0x000000001952be50,  free space=1007k
Native frames: (J=compiled Java code, j=interpreted, Vv=VM code, C=native code)
V  [jvm.dll+0x46854e]
V  [jvm.dll+0x434c91]
V  [jvm.dll+0x43f76b]
V  [jvm.dll+0x44203e]
V  [jvm.dll+0x4250b2]
V  [jvm.dll+0x814c8]
V  [jvm.dll+0x81dff]
V  [jvm.dll+0x21d2df]
V  [jvm.dll+0x26d7ea]
C  [msvcr100.dll+0x21d9f]
C  [msvcr100.dll+0x21e3b]
C  [KERNEL32.DLL+0x13034]
C  [ntdll.dll+0x71431]


Current CompileTask:
C2:   5737 3948       4       com.sun.beans.TypeResolver::resolve (37 bytes)


---------------  P R O C E S S  ---------------

Java Threads: ( => current thread )
  0x000000001d5b8800 JavaThread "Memory manager" [_thread_blocked, id=3820, stack(0x0000000023180000,0x0000000023280000)]
  0x000000001d5b5800 JavaThread "build operations Thread 8" [_thread_blocked, id=11104, stack(0x0000000022e80000,0x0000000022f80000)]
  0x000000001d5b8000 JavaThread "build operations Thread 7" [_thread_blocked, id=11272, stack(0x0000000022d80000,0x0000000022e80000)]
  0x000000001d5b7000 JavaThread "build operations Thread 6" [_thread_blocked, id=11984, stack(0x0000000022c80000,0x0000000022d80000)]
  0x0000000021821000 JavaThread "build operations Thread 5" [_thread_blocked, id=7884, stack(0x0000000022b80000,0x0000000022c80000)]
  0x0000000021824000 JavaThread "build operations Thread 4" [_thread_blocked, id=3328, stack(0x0000000022a80000,0x0000000022b80000)]
  0x0000000021823000 JavaThread "build operations Thread 3" [_thread_blocked, id=11580, stack(0x0000000022980000,0x0000000022a80000)]
  0x0000000021822800 JavaThread "build operations Thread 2" [_thread_blocked, id=11572, stack(0x0000000022880000,0x0000000022980000)]
  0x0000000021820000 JavaThread "build operations" [_thread_blocked, id=11564, stack(0x0000000022780000,0x0000000022880000)]
  0x0000000021821800 JavaThread "Cache worker for Artifact transforms cache (C:\Users\croco\.gradle\caches\transforms-1)" [_thread_blocked, id=5060, stack(0x0000000022680000,0x0000000022780000)]
  0x000000001adf3000 JavaThread "Cache worker for file hash cache (C:\Users\croco\AndroidStudioProjects\yumingluan\.gradle\4.4\fileHashes)" [_thread_blocked, id=12240, stack(0x000000001d280000,0x000000001d380000)]
  0x000000001ac66000 JavaThread "File lock request listener" [_thread_in_native, id=11608, stack(0x000000001c1b0000,0x000000001c2b0000)]
  0x000000001aca5000 JavaThread "Cache worker for file hash cache (C:\Users\croco\.gradle\caches\4.4\fileHashes)" [_thread_blocked, id=5096, stack(0x000000001c0b0000,0x000000001c1b0000)]
  0x000000001ab06000 JavaThread "Stdin handler" [_thread_blocked, id=1380, stack(0x000000001bcb0000,0x000000001bdb0000)]
  0x000000001aaf8800 JavaThread "Asynchronous log dispatcher for DefaultDaemonConnection: socket connection from /127.0.0.1:52612 to /127.0.0.1:52613" [_thread_blocked, id=4664, stack(0x000000001bbb0000,0x000000001bcb0000)]
  0x000000001aaf5000 JavaThread "Daemon worker" [_thread_in_Java, id=11112, stack(0x000000001bab0000,0x000000001bbb0000)]
  0x000000001aa99800 JavaThread "Cancel handler" [_thread_blocked, id=8760, stack(0x000000001b9b0000,0x000000001bab0000)]
  0x000000001aa92800 JavaThread "Handler for socket connection from /127.0.0.1:52612 to /127.0.0.1:52613" [_thread_in_native, id=10408, stack(0x000000001b6b0000,0x000000001b7b0000)]
  0x000000001aa91800 JavaThread "Daemon" [_thread_blocked, id=8524, stack(0x000000001b5b0000,0x000000001b6b0000)]
  0x000000001a9bf800 JavaThread "Daemon periodic checks" [_thread_blocked, id=1856, stack(0x000000001b4b0000,0x000000001b5b0000)]
  0x000000001a9e3800 JavaThread "Incoming local TCP Connector on port 52612" [_thread_in_native, id=1748, stack(0x000000001b300000,0x000000001b400000)]
  0x0000000018cde000 JavaThread "Service Thread" daemon [_thread_blocked, id=6888, stack(0x0000000019730000,0x0000000019830000)]
  0x0000000018cd2800 JavaThread "C1 CompilerThread3" daemon [_thread_in_vm, id=10500, stack(0x0000000019630000,0x0000000019730000)]
  0x0000000018cc4000 JavaThread "C2 CompilerThread2" daemon [_thread_in_native, id=5176, stack(0x0000000019530000,0x0000000019630000)]
=>0x0000000016d4b000 JavaThread "C2 CompilerThread1" daemon [_thread_in_native, id=12176, stack(0x0000000019430000,0x0000000019530000)]
  0x0000000018cc0000 JavaThread "C2 CompilerThread0" daemon [_thread_in_native, id=3864, stack(0x0000000019330000,0x0000000019430000)]
  0x0000000018c6d000 JavaThread "Attach Listener" daemon [_thread_blocked, id=3324, stack(0x0000000019230000,0x0000000019330000)]
  0x0000000018c6c000 JavaThread "Signal Dispatcher" daemon [_thread_blocked, id=12124, stack(0x0000000019130000,0x0000000019230000)]
  0x0000000002f79000 JavaThread "Finalizer" daemon [_thread_blocked, id=736, stack(0x0000000019030000,0x0000000019130000)]
  0x0000000002f78000 JavaThread "Reference Handler" daemon [_thread_blocked, id=12060, stack(0x0000000018b30000,0x0000000018c30000)]
  0x0000000002e7d800 JavaThread "main" [_thread_blocked, id=12188, stack(0x0000000002cc0000,0x0000000002dc0000)]

Other Threads:
  0x0000000016d37000 VMThread [stack: 0x0000000018a30000,0x0000000018b30000] [id=12136]
  0x0000000018cde800 WatcherThread [stack: 0x0000000019830000,0x0000000019930000] [id=9988]

VM state:not at safepoint (normal execution)

VM Mutex/Monitor currently owned by a thread: None

Heap:
 PSYoungGen      total 155136K, used 38620K [0x00000000e0000000, 0x00000000ecd00000, 0x0000000100000000)
  eden space 141312K, 17% used [0x00000000e0000000,0x00000000e1868390,0x00000000e8a00000)
  from space 13824K, 98% used [0x00000000e9900000,0x00000000ea64ecb8,0x00000000ea680000)
  to   space 15360K, 0% used [0x00000000e8a00000,0x00000000e8a00000,0x00000000e9900000)
 ParOldGen       total 174080K, used 19853K [0x00000000a0000000, 0x00000000aaa00000, 0x00000000e0000000)
  object space 174080K, 11% used [0x00000000a0000000,0x00000000a1363578,0x00000000aaa00000)
 Metaspace       used 45836K, capacity 46618K, committed 46936K, reserved 1089536K
  class space    used 6236K, capacity 6450K, committed 6528K, reserved 1048576K

Card table byte_map: [0x0000000012340000,0x0000000012650000] byte_map_base: 0x0000000011e40000

Marking Bits: (ParMarkBitMap*) 0x0000000066b64970
 Begin Bits: [0x0000000013050000, 0x0000000014850000)
 End Bits:   [0x0000000014850000, 0x0000000016050000)

Polling page: 0x0000000001090000

CodeCache: size=245760Kb used=15548Kb max_used=15548Kb free=230211Kb
 bounds [0x0000000002f80000, 0x0000000003ec0000, 0x0000000011f80000]
 total_blobs=5118 nmethods=4381 adapters=650
 compilation: enabled

Compilation events (10 events):
Event: 5.700 Thread 0x0000000018cd2800 nmethod 4377 0x0000000003e6c990 code [0x0000000003e6cb20, 0x0000000003e6ce08]
Event: 5.700 Thread 0x0000000018cd2800 4378  s    2       java.util.Vector::isEmpty (13 bytes)
Event: 5.700 Thread 0x0000000018cd2800 nmethod 4378 0x0000000003e6c4d0 code [0x0000000003e6c620, 0x0000000003e6c8f0]
Event: 5.702 Thread 0x0000000018cd2800 4379       2       java.lang.Thread::getContextClassLoader (32 bytes)
Event: 5.702 Thread 0x0000000018cd2800 nmethod 4379 0x0000000003e6bdd0 code [0x0000000003e6bf60, 0x0000000003e6c278]
Event: 5.702 Thread 0x0000000018cd2800 4380       2       com.sun.org.apache.xerces.internal.util.XMLStringBuffer::<init> (7 bytes)
Event: 5.702 Thread 0x0000000018cd2800 nmethod 4380 0x0000000003e74210 code [0x0000000003e74360, 0x0000000003e74550]
Event: 5.703 Thread 0x0000000018cd2800 4381       2       java.nio.DirectByteBuffer::get (126 bytes)
Event: 5.703 Thread 0x0000000018cd2800 nmethod 4381 0x0000000003e73a90 code [0x0000000003e73c40, 0x0000000003e73fc8]
Event: 5.703 Thread 0x0000000018cd2800 4383       2       com.sun.org.apache.xerces.internal.util.ParserConfigurationSettings::checkProperty (51 bytes)

GC Heap History (10 events):
Event: 2.517 GC heap before
{Heap before GC invocations=4 (full 1):
 PSYoungGen      total 75264K, used 9179K [0x00000000e0000000, 0x00000000e9300000, 0x0000000100000000)
  eden space 64512K, 0% used [0x00000000e0000000,0x00000000e0000000,0x00000000e3f00000)
  from space 10752K, 85% used [0x00000000e3f00000,0x00000000e47f6f48,0x00000000e4980000)
  to   space 10752K, 0% used [0x00000000e8880000,0x00000000e8880000,0x00000000e9300000)
 ParOldGen       total 172032K, used 58K [0x00000000a0000000, 0x00000000aa800000, 0x00000000e0000000)
  object space 172032K, 0% used [0x00000000a0000000,0x00000000a000eb58,0x00000000aa800000)
 Metaspace       used 20719K, capacity 21078K, committed 21248K, reserved 1067008K
  class space    used 2880K, capacity 2989K, committed 3072K, reserved 1048576K
Event: 2.554 GC heap after
Heap after GC invocations=4 (full 1):
 PSYoungGen      total 75264K, used 0K [0x00000000e0000000, 0x00000000e9300000, 0x0000000100000000)
  eden space 64512K, 0% used [0x00000000e0000000,0x00000000e0000000,0x00000000e3f00000)
  from space 10752K, 0% used [0x00000000e3f00000,0x00000000e3f00000,0x00000000e4980000)
  to   space 10752K, 0% used [0x00000000e8880000,0x00000000e8880000,0x00000000e9300000)
 ParOldGen       total 105472K, used 8940K [0x00000000a0000000, 0x00000000a6700000, 0x00000000e0000000)
  object space 105472K, 8% used [0x00000000a0000000,0x00000000a08bb090,0x00000000a6700000)
 Metaspace       used 20719K, capacity 21078K, committed 21248K, reserved 1067008K
  class space    used 2880K, capacity 2989K, committed 3072K, reserved 1048576K
}
Event: 3.138 GC heap before
{Heap before GC invocations=5 (full 1):
 PSYoungGen      total 75264K, used 64512K [0x00000000e0000000, 0x00000000e9300000, 0x0000000100000000)
  eden space 64512K, 100% used [0x00000000e0000000,0x00000000e3f00000,0x00000000e3f00000)
  from space 10752K, 0% used [0x00000000e3f00000,0x00000000e3f00000,0x00000000e4980000)
  to   space 10752K, 0% used [0x00000000e8880000,0x00000000e8880000,0x00000000e9300000)
 ParOldGen       total 105472K, used 8940K [0x00000000a0000000, 0x00000000a6700000, 0x00000000e0000000)
  object space 105472K, 8% used [0x00000000a0000000,0x00000000a08bb090,0x00000000a6700000)
 Metaspace       used 26290K, capacity 26704K, committed 27136K, reserved 1073152K
  class space    used 3619K, capacity 3746K, committed 3840K, reserved 1048576K
Event: 3.146 GC heap after
Heap after GC invocations=5 (full 1):
 PSYoungGen      total 103936K, used 6952K [0x00000000e0000000, 0x00000000e8f80000, 0x0000000100000000)
  eden space 96768K, 0% used [0x00000000e0000000,0x00000000e0000000,0x00000000e5e80000)
  from space 7168K, 96% used [0x00000000e8880000,0x00000000e8f4a280,0x00000000e8f80000)
  to   space 10752K, 0% used [0x00000000e7a80000,0x00000000e7a80000,0x00000000e8500000)
 ParOldGen       total 105472K, used 8948K [0x00000000a0000000, 0x00000000a6700000, 0x00000000e0000000)
  object space 105472K, 8% used [0x00000000a0000000,0x00000000a08bd090,0x00000000a6700000)
 Metaspace       used 26290K, capacity 26704K, committed 27136K, reserved 1073152K
  class space    used 3619K, capacity 3746K, committed 3840K, reserved 1048576K
}
Event: 4.225 GC heap before
{Heap before GC invocations=6 (full 1):
 PSYoungGen      total 103936K, used 100585K [0x00000000e0000000, 0x00000000e8f80000, 0x0000000100000000)
  eden space 96768K, 96% used [0x00000000e0000000,0x00000000e5b702d0,0x00000000e5e80000)
  from space 7168K, 96% used [0x00000000e8880000,0x00000000e8f4a280,0x00000000e8f80000)
  to   space 10752K, 0% used [0x00000000e7a80000,0x00000000e7a80000,0x00000000e8500000)
 ParOldGen       total 105472K, used 8948K [0x00000000a0000000, 0x00000000a6700000, 0x00000000e0000000)
  object space 105472K, 8% used [0x00000000a0000000,0x00000000a08bd090,0x00000000a6700000)
 Metaspace       used 34813K, capacity 35284K, committed 35416K, reserved 1079296K
  class space    used 4776K, capacity 4950K, committed 4992K, reserved 1048576K
Event: 4.235 GC heap after
Heap after GC invocations=6 (full 1):
 PSYoungGen      total 136192K, used 10728K [0x00000000e0000000, 0x00000000ea680000, 0x0000000100000000)
  eden space 125440K, 0% used [0x00000000e0000000,0x00000000e0000000,0x00000000e7a80000)
  from space 10752K, 99% used [0x00000000e7a80000,0x00000000e84fa0a0,0x00000000e8500000)
  to   space 13824K, 0% used [0x00000000e9900000,0x00000000e9900000,0x00000000ea680000)
 ParOldGen       total 105472K, used 11329K [0x00000000a0000000, 0x00000000a6700000, 0x00000000e0000000)
  object space 105472K, 10% used [0x00000000a0000000,0x00000000a0b10448,0x00000000a6700000)
 Metaspace       used 34813K, capacity 35284K, committed 35416K, reserved 1079296K
  class space    used 4776K, capacity 4950K, committed 4992K, reserved 1048576K
}
Event: 4.235 GC heap before
{Heap before GC invocations=7 (full 2):
 PSYoungGen      total 136192K, used 10728K [0x00000000e0000000, 0x00000000ea680000, 0x0000000100000000)
  eden space 125440K, 0% used [0x00000000e0000000,0x00000000e0000000,0x00000000e7a80000)
  from space 10752K, 99% used [0x00000000e7a80000,0x00000000e84fa0a0,0x00000000e8500000)
  to   space 13824K, 0% used [0x00000000e9900000,0x00000000e9900000,0x00000000ea680000)
 ParOldGen       total 105472K, used 11329K [0x00000000a0000000, 0x00000000a6700000, 0x00000000e0000000)
  object space 105472K, 10% used [0x00000000a0000000,0x00000000a0b10448,0x00000000a6700000)
 Metaspace       used 34813K, capacity 35284K, committed 35416K, reserved 1079296K
  class space    used 4776K, capacity 4950K, committed 4992K, reserved 1048576K
Event: 4.273 GC heap after
Heap after GC invocations=7 (full 2):
 PSYoungGen      total 136192K, used 0K [0x00000000e0000000, 0x00000000ea680000, 0x0000000100000000)
  eden space 125440K, 0% used [0x00000000e0000000,0x00000000e0000000,0x00000000e7a80000)
  from space 10752K, 0% used [0x00000000e7a80000,0x00000000e7a80000,0x00000000e8500000)
  to   space 13824K, 0% used [0x00000000e9900000,0x00000000e9900000,0x00000000ea680000)
 ParOldGen       total 174080K, used 19845K [0x00000000a0000000, 0x00000000aaa00000, 0x00000000e0000000)
  object space 174080K, 11% used [0x00000000a0000000,0x00000000a1361578,0x00000000aaa00000)
 Metaspace       used 34813K, capacity 35284K, committed 35416K, reserved 1079296K
  class space    used 4776K, capacity 4950K, committed 4992K, reserved 1048576K
}
Event: 5.319 GC heap before
{Heap before GC invocations=8 (full 2):
 PSYoungGen      total 136192K, used 125440K [0x00000000e0000000, 0x00000000ea680000, 0x0000000100000000)
  eden space 125440K, 100% used [0x00000000e0000000,0x00000000e7a80000,0x00000000e7a80000)
  from space 10752K, 0% used [0x00000000e7a80000,0x00000000e7a80000,0x00000000e8500000)
  to   space 13824K, 0% used [0x00000000e9900000,0x00000000e9900000,0x00000000ea680000)
 ParOldGen       total 174080K, used 19845K [0x00000000a0000000, 0x00000000aaa00000, 0x00000000e0000000)
  object space 174080K, 11% used [0x00000000a0000000,0x00000000a1361578,0x00000000aaa00000)
 Metaspace       used 42431K, capacity 43212K, committed 43480K, reserved 1087488K
  class space    used 5845K, capacity 6089K, committed 6144K, reserved 1048576K
Event: 5.336 GC heap after
Heap after GC invocations=8 (full 2):
 PSYoungGen      total 155136K, used 13627K [0x00000000e0000000, 0x00000000ecd00000, 0x0000000100000000)
  eden space 141312K, 0% used [0x00000000e0000000,0x00000000e0000000,0x00000000e8a00000)
  from space 13824K, 98% used [0x00000000e9900000,0x00000000ea64ecb8,0x00000000ea680000)
  to   space 15360K, 0% used [0x00000000e8a00000,0x00000000e8a00000,0x00000000e9900000)
 ParOldGen       total 174080K, used 19853K [0x00000000a0000000, 0x00000000aaa00000, 0x00000000e0000000)
  object space 174080K, 11% used [0x00000000a0000000,0x00000000a1363578,0x00000000aaa00000)
 Metaspace       used 42431K, capacity 43212K, committed 43480K, reserved 1087488K
  class space    used 5845K, capacity 6089K, committed 6144K, reserved 1048576K
}

Deoptimization events (10 events):
Event: 4.695 Thread 0x000000001aaf5000 Uncommon trap: reason=bimorphic action=maybe_recompile pc=0x0000000003a9aeec method=sun.misc.Resource.getBytes()[B @ 181
Event: 4.710 Thread 0x000000001aaf5000 Uncommon trap: reason=range_check action=make_not_entrant pc=0x0000000003bad4dc method=java.lang.String.charAt(I)C @ 27
Event: 5.023 Thread 0x000000001aaf5000 Uncommon trap: reason=unstable_if action=reinterpret pc=0x0000000003385b00 method=org.gradle.internal.logging.text.AbstractLineChoppingStyledTextOutput$2.execute(Lorg/gradle/internal/logging/text/AbstractLineChoppingStyledTextOutput$StateContext;)V @ 30
Event: 5.362 Thread 0x000000001aaf5000 Uncommon trap: reason=bimorphic action=maybe_recompile pc=0x00000000034d7188 method=java.io.DataInputStream.readFully([BII)V @ 34
Event: 5.363 Thread 0x000000001aaf5000 Uncommon trap: reason=bimorphic action=maybe_recompile pc=0x00000000034d7188 method=java.io.DataInputStream.readFully([BII)V @ 34
Event: 5.363 Thread 0x000000001aaf5000 Uncommon trap: reason=bimorphic action=maybe_recompile pc=0x00000000034d7188 method=java.io.DataInputStream.readFully([BII)V @ 34
Event: 5.363 Thread 0x000000001aaf5000 Uncommon trap: reason=bimorphic action=maybe_recompile pc=0x00000000034d7188 method=java.io.DataInputStream.readFully([BII)V @ 34
Event: 5.490 Thread 0x000000001aaf5000 Uncommon trap: reason=unstable_if action=reinterpret pc=0x00000000034a552c method=java.util.WeakHashMap.remove(Ljava/lang/Object;)Ljava/lang/Object; @ 94
Event: 5.545 Thread 0x000000001aaf5000 Uncommon trap: reason=unstable_if action=reinterpret pc=0x0000000003c4ab08 method=java.util.regex.Pattern$BmpCharProperty.match(Ljava/util/regex/Matcher;ILjava/lang/CharSequence;)Z @ 34
Event: 5.545 Thread 0x000000001aaf5000 Uncommon trap: reason=unstable_if action=reinterpret pc=0x0000000003a2f668 method=java.util.regex.Pattern$BmpCharProperty.match(Ljava/util/regex/Matcher;ILjava/lang/CharSequence;)Z @ 34

Classes redefined (0 events):
No events

Internal exceptions (10 events):
Event: 5.132 Thread 0x000000001aaf5000 Exception <a 'sun/nio/fs/WindowsException'> (0x00000000e6ac9f40) thrown at [D:\src\AOSP-openjdk-cygwin\jdk8u\hotspot\src\share\vm\prims\jni.cpp, line 709]
Event: 5.132 Thread 0x000000001aaf5000 Exception <a 'sun/nio/fs/WindowsException'> (0x00000000e6acabb8) thrown at [D:\src\AOSP-openjdk-cygwin\jdk8u\hotspot\src\share\vm\prims\jni.cpp, line 709]
Event: 5.132 Thread 0x000000001aaf5000 Exception <a 'sun/nio/fs/WindowsException'> (0x00000000e6accc48) thrown at [D:\src\AOSP-openjdk-cygwin\jdk8u\hotspot\src\share\vm\prims\jni.cpp, line 709]
Event: 5.132 Thread 0x000000001aaf5000 Exception <a 'sun/nio/fs/WindowsException'> (0x00000000e6acd8f8) thrown at [D:\src\AOSP-openjdk-cygwin\jdk8u\hotspot\src\share\vm\prims\jni.cpp, line 709]
Event: 5.132 Thread 0x000000001aaf5000 Exception <a 'sun/nio/fs/WindowsException'> (0x00000000e6ad0500) thrown at [D:\src\AOSP-openjdk-cygwin\jdk8u\hotspot\src\share\vm\prims\jni.cpp, line 709]
Event: 5.132 Thread 0x000000001aaf5000 Exception <a 'sun/nio/fs/WindowsException'> (0x00000000e6ad11f0) thrown at [D:\src\AOSP-openjdk-cygwin\jdk8u\hotspot\src\share\vm\prims\jni.cpp, line 709]
Event: 5.132 Thread 0x000000001aaf5000 Exception <a 'sun/nio/fs/WindowsException'> (0x00000000e6ad32f8) thrown at [D:\src\AOSP-openjdk-cygwin\jdk8u\hotspot\src\share\vm\prims\jni.cpp, line 709]
Event: 5.132 Thread 0x000000001aaf5000 Exception <a 'sun/nio/fs/WindowsException'> (0x00000000e6ad4020) thrown at [D:\src\AOSP-openjdk-cygwin\jdk8u\hotspot\src\share\vm\prims\jni.cpp, line 709]
Event: 5.137 Thread 0x000000001aaf5000 Exception <a 'java/lang/ClassNotFoundException': com/sun/org/glassfish/hk2/osgiresourcelocator/ServiceLoader> (0x00000000e6b307a0) thrown at [D:\src\AOSP-openjdk-cygwin\jdk8u\hotspot\src\share\vm\classfile\systemDictionary.cpp, line 210]
Event: 5.183 Thread 0x000000001aaf5000 Exception <a 'java/lang/NullPointerException'> (0x00000000e6f9f8d0) thrown at [D:\src\AOSP-openjdk-cygwin\jdk8u\hotspot\src\share\vm\interpreter\linkResolver.cpp, line 1301]

Events (10 events):
Event: 5.583 loading class com/sun/org/apache/xerces/internal/impl/xpath/regex/RegularExpression$ClosureContext
Event: 5.583 loading class com/sun/org/apache/xerces/internal/impl/xpath/regex/RegularExpression$ClosureContext done
Event: 5.583 loading class com/sun/xml/bind/DatatypeConverterImpl
Event: 5.583 loading class com/sun/xml/bind/DatatypeConverterImpl done
Event: 5.586 loading class javax/xml/bind/DatatypeConverterInterface
Event: 5.586 loading class javax/xml/bind/DatatypeConverterInterface done
Event: 5.587 loading class javax/xml/datatype/DatatypeConfigurationException
Event: 5.587 loading class javax/xml/datatype/DatatypeConfigurationException done
Event: 5.589 loading class com/sun/xml/bind/v2/runtime/unmarshaller/DefaultIDResolver$1
Event: 5.589 loading class com/sun/xml/bind/v2/runtime/unmarshaller/DefaultIDResolver$1 done


Dynamic libraries:
0x00007ff74f300000 - 0x00007ff74f331000 	D:\ide\android-studio-ide-173.4720617-windows\android-studio\jre\bin\java.exe
0x00007ff9dda10000 - 0x00007ff9ddbf1000 	C:\Windows\SYSTEM32\ntdll.dll
0x00007ff9dbeb0000 - 0x00007ff9dbf62000 	C:\Windows\System32\KERNEL32.DLL
0x00007ff9d9e60000 - 0x00007ff9da0d3000 	C:\Windows\System32\KERNELBASE.dll
0x00007ff9db3d0000 - 0x00007ff9db471000 	C:\Windows\System32\ADVAPI32.dll
0x00007ff9db330000 - 0x00007ff9db3ce000 	C:\Windows\System32\msvcrt.dll
0x00007ff9dd980000 - 0x00007ff9dd9db000 	C:\Windows\System32\sechost.dll
0x00007ff9dba60000 - 0x00007ff9dbb84000 	C:\Windows\System32\RPCRT4.dll
0x00007ff9db480000 - 0x00007ff9db610000 	C:\Windows\System32\USER32.dll
0x00007ff9dae80000 - 0x00007ff9daea0000 	C:\Windows\System32\win32u.dll
0x00007ff9dbe80000 - 0x00007ff9dbea8000 	C:\Windows\System32\GDI32.dll
0x00007ff9dac80000 - 0x00007ff9dae12000 	C:\Windows\System32\gdi32full.dll
0x00007ff9da0e0000 - 0x00007ff9da17f000 	C:\Windows\System32\msvcp_win.dll
0x00007ff9da1d0000 - 0x00007ff9da2ca000 	C:\Windows\System32\ucrtbase.dll
0x00007ff9cf770000 - 0x00007ff9cf9d9000 	C:\Windows\WinSxS\amd64_microsoft.windows.common-controls_6595b64144ccf1df_6.0.17134.112_none_fb3f961b30681c12\COMCTL32.dll
0x00007ff9dd630000 - 0x00007ff9dd953000 	C:\Windows\System32\combase.dll
0x00007ff9d9de0000 - 0x00007ff9d9e5a000 	C:\Windows\System32\bcryptPrimitives.dll
0x00007ff9dbe50000 - 0x00007ff9dbe7d000 	C:\Windows\System32\IMM32.DLL
0x00000000671a0000 - 0x0000000067272000 	D:\ide\android-studio-ide-173.4720617-windows\android-studio\jre\jre\bin\msvcr100.dll
0x00000000663a0000 - 0x0000000066bdf000 	D:\ide\android-studio-ide-173.4720617-windows\android-studio\jre\jre\bin\server\jvm.dll
0x00007ff9daf20000 - 0x00007ff9daf28000 	C:\Windows\System32\PSAPI.DLL
0x00007ff9cd830000 - 0x00007ff9cd839000 	C:\Windows\SYSTEM32\WSOCK32.dll
0x00007ff9dbde0000 - 0x00007ff9dbe4c000 	C:\Windows\System32\WS2_32.dll
0x00007ff9d67c0000 - 0x00007ff9d67e3000 	C:\Windows\SYSTEM32\WINMM.dll
0x00007ff9d0a90000 - 0x00007ff9d0a9a000 	C:\Windows\SYSTEM32\VERSION.dll
0x00007ff9d6790000 - 0x00007ff9d67ba000 	C:\Windows\SYSTEM32\winmmbase.dll
0x00007ff9da180000 - 0x00007ff9da1c9000 	C:\Windows\System32\cfgmgr32.dll
0x00007ff9cd6d0000 - 0x00007ff9cd6df000 	D:\ide\android-studio-ide-173.4720617-windows\android-studio\jre\jre\bin\verify.dll
0x00007ff9c1da0000 - 0x00007ff9c1dc9000 	D:\ide\android-studio-ide-173.4720617-windows\android-studio\jre\jre\bin\java.dll
0x00007ff9c7e30000 - 0x00007ff9c7e46000 	D:\ide\android-studio-ide-173.4720617-windows\android-studio\jre\jre\bin\zip.dll
0x00007ff9dc0d0000 - 0x00007ff9dd510000 	C:\Windows\System32\SHELL32.dll
0x00007ff9dd570000 - 0x00007ff9dd619000 	C:\Windows\System32\shcore.dll
0x00007ff9da380000 - 0x00007ff9daa8d000 	C:\Windows\System32\windows.storage.dll
0x00007ff9db0c0000 - 0x00007ff9db111000 	C:\Windows\System32\shlwapi.dll
0x00007ff9d9da0000 - 0x00007ff9d9db1000 	C:\Windows\System32\kernel.appcore.dll
0x00007ff9d9d80000 - 0x00007ff9d9d9f000 	C:\Windows\System32\profapi.dll
0x00007ff9d9d20000 - 0x00007ff9d9d6c000 	C:\Windows\System32\powrprof.dll
0x00007ff9d9d70000 - 0x00007ff9d9d7a000 	C:\Windows\System32\FLTLIB.DLL
0x00007ff9c2290000 - 0x00007ff9c22aa000 	D:\ide\android-studio-ide-173.4720617-windows\android-studio\jre\jre\bin\net.dll
0x00007ff9d9530000 - 0x00007ff9d9596000 	C:\Windows\system32\mswsock.dll
0x00007ff9c1340000 - 0x00007ff9c1351000 	D:\ide\android-studio-ide-173.4720617-windows\android-studio\jre\jre\bin\nio.dll
0x00007ff9cd980000 - 0x00007ff9cd99e000 	C:\Users\croco\.gradle\native\25\windows-amd64\native-platform.dll
0x00007ff9cde40000 - 0x00007ff9cde4d000 	D:\ide\android-studio-ide-173.4720617-windows\android-studio\jre\jre\bin\management.dll
0x00007ff9d9a60000 - 0x00007ff9d9a77000 	C:\Windows\SYSTEM32\CRYPTSP.dll
0x00007ff9d9120000 - 0x00007ff9d9153000 	C:\Windows\system32\rsaenh.dll
0x00007ff9d9890000 - 0x00007ff9d98b5000 	C:\Windows\SYSTEM32\bcrypt.dll
0x00007ff9d9c20000 - 0x00007ff9d9c48000 	C:\Windows\SYSTEM32\USERENV.dll
0x00007ff9d9690000 - 0x00007ff9d969b000 	C:\Windows\SYSTEM32\CRYPTBASE.dll
0x00007ff9d92c0000 - 0x00007ff9d92f8000 	C:\Windows\SYSTEM32\IPHLPAPI.DLL
0x00007ff9db320000 - 0x00007ff9db328000 	C:\Windows\System32\NSI.dll
0x00007ff9d19b0000 - 0x00007ff9d19c6000 	C:\Windows\SYSTEM32\dhcpcsvc6.DLL
0x00007ff9d1990000 - 0x00007ff9d19aa000 	C:\Windows\SYSTEM32\dhcpcsvc.DLL
0x00007ff9c7810000 - 0x00007ff9c79d9000 	C:\Windows\SYSTEM32\dbghelp.dll

VM Arguments:
jvm_args: -Xmx1536m -Dfile.encoding=GBK -Duser.country=CN -Duser.language=zh -Duser.variant 
java_command: org.gradle.launcher.daemon.bootstrap.GradleDaemon 4.4
java_class_path (initial): C:\Users\croco\.gradle\wrapper\dists\gradle-4.4-all\9br9xq1tocpiv8o6njlyu5op1\gradle-4.4\lib\gradle-launcher-4.4.jar
Launcher Type: SUN_STANDARD

Environment Variables:
JAVA_HOME=D:\java\jdk1.8.0_112
PATH=C:\Windows\system32;C:\Windows;C:\Windows\System32\Wbem;C:\Windows\System32\WindowsPowerShell\v1.0\;C:\Windows\System32\OpenSSH\;D:\java\jdk1.8.0_112\bin;C:\Program Files\Git\cmd;C:\sqlite;D:\Sdk\platform-tools\adb.exe;C:\Users\croco\AppData\Local\Microsoft\WindowsApps
USERNAME=croco
OS=Windows_NT
PROCESSOR_IDENTIFIER=Intel64 Family 6 Model 60 Stepping 3, GenuineIntel



---------------  S Y S T E M  ---------------

OS: Windows 10.0 , 64 bit Build 17134 (10.0.17134.1)

CPU:total 8 (initial active 8) (4 cores per cpu, 2 threads per core) family 6 model 60 stepping 3, cmov, cx8, fxsr, mmx, sse, sse2, sse3, ssse3, sse4.1, sse4.2, popcnt, avx, avx2, aes, clmul, erms, lzcnt, ht, tsc, tscinvbit, bmi1, bmi2

Memory: 4k page, physical 16430692k(10239440k free), swap 17479268k(10204532k free)

vm_info: OpenJDK 64-Bit Server VM (25.152-b02) for windows-amd64 JRE (1.8.0_152-release-1024-b02), built by "builder" with MS VC++ 10.0 (VS2010)

time: Sun Jun 24 21:08:37 2018
elapsed time: 5 seconds (0d 0h 0m 5s)

