#
# A fatal error has been detected by the Java Runtime Environment:
#
#  EXCEPTION_ACCESS_VIOLATION (0xc0000005) at pc=0x00000000668267c4, pid=10928, tid=0x0000000000001b38
#
# JRE version: OpenJDK Runtime Environment (8.0_152-b02) (build 1.8.0_152-release-1024-b02)
# Java VM: OpenJDK 64-Bit Server VM (25.152-b02 mixed mode windows-amd64 compressed oops)
# Problematic frame:
# V  [jvm.dll+0x4867c4]
#
# Failed to write core dump. Minidumps are not enabled by default on client versions of Windows
#
# If you would like to submit a bug report, please visit:
#   http://bugreport.java.com/bugreport/crash.jsp
#

---------------  T H R E A D  ---------------

Current thread (0x000000001866d000):  JavaThread "C2 CompilerThread1" daemon [_thread_in_native, id=6968, stack(0x0000000018de0000,0x0000000018ee0000)]

siginfo: ExceptionCode=0xc0000005, reading address 0xffffffffffffffff

Registers:
RAX=0x000000000000030f, RBX=0x000000000000030f, RCX=0x0000000000000000, RDX=0x0000000000000000
RSP=0x0000000018edc110, RBP=0x00000000195bca00, RSI=0x0000000000000003, RDI=0x000000000000030f
R8 =0x8000000066b65090, R9 =0x0000000000008000, R10=0x0000000066b65090, R11=0x00000000663a0000
R12=0x00000000200f52e0, R13=0x000000001fab0480, R14=0x0000000000006cc0, R15=0x0000000000000001
RIP=0x00000000668267c4, EFLAGS=0x0000000000010206

Top of Stack: (sp=0x0000000018edc110)
0x0000000018edc110:   00000000000001e4 00000000000001e4
0x0000000018edc120:   00000000195bca00 0000000000000001
0x0000000018edc130:   000000001fab0480 0000000000000000
0x0000000018edc140:   0000031400000000 0000000000000001
0x0000000018edc150:   000000001e446920 0000000000000004
0x0000000018edc160:   00000000200f5610 000000000000000f
0x0000000018edc170:   00000000200f5600 000000006689b61e
0x0000000018edc180:   000000001d8e8d00 0000000018edc340
0x0000000018edc190:   0000000000000000 0000000000000001
0x0000000018edc1a0:   0000000000000008 000000001e444810
0x0000000018edc1b0:   0000000000000008 0000000066826fce
0x0000000018edc1c0:   0000000018edc340 000000001d8e8d00
0x0000000018edc1d0:   00000000200f5600 0000000018edc210
0x0000000018edc1e0:   0000000000003578 00000000167064b0
0x0000000018edc1f0:   000000001f4784d0 0000000000259880
0x0000000018edc200:   000000001f47f240 000000001f4804b8 

Instructions: (pc=0x00000000668267c4)
0x00000000668267a4:   ff 4c 8d 15 e4 e8 33 00 4c 8b c0 8b d3 8b cb 45
0x00000000668267b4:   8b cf c1 ea 05 83 e1 1f 83 e2 07 41 d3 e1 8b ca
0x00000000668267c4:   41 8b 14 90 8b c2 41 0b c1 41 85 d1 41 89 04 88
0x00000000668267d4:   0f 95 c0 84 c0 75 05 ff 45 00 84 c0 0f 94 c0 4c 


Register to memory mapping:

RAX=0x000000000000030f is an unknown value
RBX=0x000000000000030f is an unknown value
RCX=0x0000000000000000 is an unknown value
RDX=0x0000000000000000 is an unknown value
RSP=0x0000000018edc110 is pointing into the stack for thread: 0x000000001866d000
RBP=0x00000000195bca00 is an unknown value
RSI=0x0000000000000003 is an unknown value
RDI=0x000000000000030f is an unknown value
R8 =0x8000000066b65090 is an unknown value
R9 =0x0000000000008000 is an unknown value
R10=0x0000000066b65090 is an unknown value
R11=0x00000000663a0000 is an unknown value
R12=0x00000000200f52e0 is an unknown value
R13=0x000000001fab0480 is an unknown value
R14=0x0000000000006cc0 is an unknown value
R15=0x0000000000000001 is an unknown value


Stack: [0x0000000018de0000,0x0000000018ee0000],  sp=0x0000000018edc110,  free space=1008k
Native frames: (J=compiled Java code, j=interpreted, Vv=VM code, C=native code)
V  [jvm.dll+0x4867c4]
V  [jvm.dll+0x486fce]
V  [jvm.dll+0x4347c3]
V  [jvm.dll+0x43f76b]
V  [jvm.dll+0x44203e]
V  [jvm.dll+0x4250b2]
V  [jvm.dll+0x814c8]
V  [jvm.dll+0x81dff]
V  [jvm.dll+0x21d2df]
V  [jvm.dll+0x26d7ea]
C  [msvcr100.dll+0x21d9f]
C  [msvcr100.dll+0x21e3b]
C  [KERNEL32.DLL+0x13034]
C  [ntdll.dll+0x71431]


Current CompileTask:
C2:  17422 6205       4       java.beans.Introspector::addPropertyDescriptor (265 bytes)


---------------  P R O C E S S  ---------------

Java Threads: ( => current thread )
  0x000000001c236800 JavaThread "Memory manager" [_thread_blocked, id=8264, stack(0x0000000021bf0000,0x0000000021cf0000)]
  0x000000001c235000 JavaThread "build operations Thread 8" [_thread_blocked, id=6884, stack(0x00000000212f0000,0x00000000213f0000)]
  0x000000001c232800 JavaThread "build operations Thread 7" [_thread_blocked, id=7656, stack(0x00000000211f0000,0x00000000212f0000)]
  0x000000001a614000 JavaThread "build operations Thread 6" [_thread_blocked, id=8672, stack(0x00000000210f0000,0x00000000211f0000)]
  0x000000001a61b000 JavaThread "build operations Thread 5" [_thread_blocked, id=9104, stack(0x0000000020ff0000,0x00000000210f0000)]
  0x000000001a614800 JavaThread "build operations Thread 4" [_thread_blocked, id=9096, stack(0x0000000020ef0000,0x0000000020ff0000)]
  0x000000001a61a000 JavaThread "build operations Thread 3" [_thread_blocked, id=1652, stack(0x0000000020df0000,0x0000000020ef0000)]
  0x000000001a618800 JavaThread "build operations Thread 2" [_thread_blocked, id=2144, stack(0x0000000020cf0000,0x0000000020df0000)]
  0x000000001a618000 JavaThread "build operations" [_thread_blocked, id=5264, stack(0x0000000020bf0000,0x0000000020cf0000)]
  0x000000001a617000 JavaThread "Cache worker for Artifact transforms cache (C:\Users\croco\.gradle\caches\transforms-1)" [_thread_blocked, id=7008, stack(0x0000000020600000,0x0000000020700000)]
  0x000000001a441800 JavaThread "Cache worker for file hash cache (C:\Users\croco\AndroidStudioProjects\yumingluan\.gradle\4.4\fileHashes)" [_thread_blocked, id=7928, stack(0x000000001cc30000,0x000000001cd30000)]
  0x000000001a528800 JavaThread "File lock request listener" [_thread_in_native, id=10540, stack(0x000000001bb60000,0x000000001bc60000)]
  0x000000001a63d800 JavaThread "Cache worker for file hash cache (C:\Users\croco\.gradle\caches\4.4\fileHashes)" [_thread_blocked, id=3328, stack(0x000000001ba60000,0x000000001bb60000)]
  0x000000001a5a5800 JavaThread "Stdin handler" [_thread_blocked, id=10932, stack(0x000000001b660000,0x000000001b760000)]
  0x000000001a5a5000 JavaThread "Asynchronous log dispatcher for DefaultDaemonConnection: socket connection from /127.0.0.1:52203 to /127.0.0.1:52204" [_thread_blocked, id=11220, stack(0x000000001b560000,0x000000001b660000)]
  0x000000001a57b000 JavaThread "Daemon worker" [_thread_in_native, id=9836, stack(0x000000001b460000,0x000000001b560000)]
  0x000000001a527000 JavaThread "Cancel handler" [_thread_blocked, id=7112, stack(0x000000001b360000,0x000000001b460000)]
  0x000000001a51b000 JavaThread "Handler for socket connection from /127.0.0.1:52203 to /127.0.0.1:52204" [_thread_in_native, id=7280, stack(0x000000001b060000,0x000000001b160000)]
  0x000000001a518000 JavaThread "Daemon" [_thread_blocked, id=11124, stack(0x000000001af60000,0x000000001b060000)]
  0x000000001a36e000 JavaThread "Daemon periodic checks" [_thread_blocked, id=7900, stack(0x000000001ae60000,0x000000001af60000)]
  0x000000001a310000 JavaThread "Incoming local TCP Connector on port 52203" [_thread_in_native, id=10536, stack(0x000000001acb0000,0x000000001adb0000)]
  0x00000000186f9000 JavaThread "Service Thread" daemon [_thread_blocked, id=1992, stack(0x00000000190e0000,0x00000000191e0000)]
  0x0000000018676800 JavaThread "C1 CompilerThread3" daemon [_thread_blocked, id=5532, stack(0x0000000018fe0000,0x00000000190e0000)]
  0x0000000018670800 JavaThread "C2 CompilerThread2" daemon [_thread_in_native, id=8872, stack(0x0000000018ee0000,0x0000000018fe0000)]
=>0x000000001866d000 JavaThread "C2 CompilerThread1" daemon [_thread_in_native, id=6968, stack(0x0000000018de0000,0x0000000018ee0000)]
  0x000000001866a800 JavaThread "C2 CompilerThread0" daemon [_thread_blocked, id=10280, stack(0x0000000018ce0000,0x0000000018de0000)]
  0x0000000018618000 JavaThread "Attach Listener" daemon [_thread_blocked, id=10304, stack(0x0000000018be0000,0x0000000018ce0000)]
  0x0000000018617000 JavaThread "Signal Dispatcher" daemon [_thread_blocked, id=5404, stack(0x0000000018ae0000,0x0000000018be0000)]
  0x0000000002859000 JavaThread "Finalizer" daemon [_thread_blocked, id=4408, stack(0x00000000189e0000,0x0000000018ae0000)]
  0x0000000002858000 JavaThread "Reference Handler" daemon [_thread_blocked, id=3876, stack(0x00000000184e0000,0x00000000185e0000)]
  0x000000000294d800 JavaThread "main" [_thread_blocked, id=6912, stack(0x00000000022e0000,0x00000000023e0000)]

Other Threads:
  0x0000000016706800 VMThread [stack: 0x00000000183e0000,0x00000000184e0000] [id=5060]
  0x00000000186f9800 WatcherThread [stack: 0x00000000191e0000,0x00000000192e0000] [id=7964]

VM state:not at safepoint (normal execution)

VM Mutex/Monitor currently owned by a thread: None

Heap:
 PSYoungGen      total 158208K, used 5538K [0x00000000e0000000, 0x00000000ec800000, 0x0000000100000000)
  eden space 139264K, 3% used [0x00000000e0000000,0x00000000e0568b18,0x00000000e8800000)
  from space 18944K, 0% used [0x00000000e9f00000,0x00000000e9f00000,0x00000000eb180000)
  to   space 23552K, 0% used [0x00000000e8800000,0x00000000e8800000,0x00000000e9f00000)
 ParOldGen       total 278016K, used 43142K [0x00000000a0000000, 0x00000000b0f80000, 0x00000000e0000000)
  object space 278016K, 15% used [0x00000000a0000000,0x00000000a2a21b78,0x00000000b0f80000)
 Metaspace       used 57267K, capacity 59158K, committed 59264K, reserved 1099776K
  class space    used 7848K, capacity 8288K, committed 8320K, reserved 1048576K

Card table byte_map: [0x0000000011d10000,0x0000000012020000] byte_map_base: 0x0000000011810000

Marking Bits: (ParMarkBitMap*) 0x0000000066b64970
 Begin Bits: [0x0000000012a20000, 0x0000000014220000)
 End Bits:   [0x0000000014220000, 0x0000000015a20000)

Polling page: 0x0000000000c20000

CodeCache: size=245760Kb used=21031Kb max_used=21082Kb free=224728Kb
 bounds [0x0000000002950000, 0x0000000003e00000, 0x0000000011950000]
 total_blobs=6748 nmethods=5968 adapters=693
 compilation: enabled

Compilation events (10 events):
Event: 17.394 Thread 0x0000000018676800 6361       3       org.gradle.api.internal.attributes.DefaultImmutableAttributes::isEmpty (13 bytes)
Event: 17.394 Thread 0x0000000018676800 nmethod 6361 0x0000000003dd0850 code [0x0000000003dd09a0, 0x0000000003dd0b50]
Event: 17.394 Thread 0x0000000018676800 6362       1       org.gradle.api.internal.artifacts.ivyservice.resolveengine.artifact.DefaultArtifactSet::getSchema (5 bytes)
Event: 17.394 Thread 0x0000000018676800 nmethod 6362 0x0000000003dd0590 code [0x0000000003dd06e0, 0x0000000003dd07f0]
Event: 17.394 Thread 0x0000000018676800 6363       1       org.gradle.api.internal.artifacts.ivyservice.resolveengine.artifact.ArtifactBackedResolvedVariant::getAttributes (5 bytes)
Event: 17.394 Thread 0x0000000018676800 nmethod 6363 0x0000000003dd02d0 code [0x0000000003dd0420, 0x0000000003dd0530]
Event: 17.394 Thread 0x0000000018676800 6364       1       org.gradle.api.internal.artifacts.ivyservice.resolveengine.artifact.ArtifactBackedResolvedVariant::getArtifacts (5 bytes)
Event: 17.394 Thread 0x0000000018676800 nmethod 6364 0x0000000003dd0010 code [0x0000000003dd0160, 0x0000000003dd0270]
Event: 17.394 Thread 0x0000000018676800 6365       3       org.gradle.internal.component.external.model.DefaultModuleComponentArtifactIdentifier::hashCode (16 bytes)
Event: 17.395 Thread 0x0000000018676800 nmethod 6365 0x0000000003dcfa90 code [0x0000000003dcfc00, 0x0000000003dcfef8]

GC Heap History (10 events):
Event: 12.894 GC heap before
{Heap before GC invocations=9 (full 2):
 PSYoungGen      total 98816K, used 87040K [0x00000000e0000000, 0x00000000e7100000, 0x0000000100000000)
  eden space 87040K, 100% used [0x00000000e0000000,0x00000000e5500000,0x00000000e5500000)
  from space 11776K, 0% used [0x00000000e6200000,0x00000000e6200000,0x00000000e6d80000)
  to   space 13312K, 0% used [0x00000000e5500000,0x00000000e5500000,0x00000000e6200000)
 ParOldGen       total 188928K, used 18967K [0x00000000a0000000, 0x00000000ab880000, 0x00000000e0000000)
  object space 188928K, 10% used [0x00000000a0000000,0x00000000a1285c08,0x00000000ab880000)
 Metaspace       used 41836K, capacity 42728K, committed 43136K, reserved 1087488K
  class space    used 5643K, capacity 5921K, committed 6016K, reserved 1048576K
Event: 12.900 GC heap after
Heap after GC invocations=9 (full 2):
 PSYoungGen      total 100352K, used 9738K [0x00000000e0000000, 0x00000000e8b00000, 0x0000000100000000)
  eden space 87040K, 0% used [0x00000000e0000000,0x00000000e0000000,0x00000000e5500000)
  from space 13312K, 73% used [0x00000000e5500000,0x00000000e5e82a28,0x00000000e6200000)
  to   space 12800K, 0% used [0x00000000e7e80000,0x00000000e7e80000,0x00000000e8b00000)
 ParOldGen       total 188928K, used 18975K [0x00000000a0000000, 0x00000000ab880000, 0x00000000e0000000)
  object space 188928K, 10% used [0x00000000a0000000,0x00000000a1287c08,0x00000000ab880000)
 Metaspace       used 41836K, capacity 42728K, committed 43136K, reserved 1087488K
  class space    used 5643K, capacity 5921K, committed 6016K, reserved 1048576K
}
Event: 14.634 GC heap before
{Heap before GC invocations=10 (full 2):
 PSYoungGen      total 100352K, used 96778K [0x00000000e0000000, 0x00000000e8b00000, 0x0000000100000000)
  eden space 87040K, 100% used [0x00000000e0000000,0x00000000e5500000,0x00000000e5500000)
  from space 13312K, 73% used [0x00000000e5500000,0x00000000e5e82a28,0x00000000e6200000)
  to   space 12800K, 0% used [0x00000000e7e80000,0x00000000e7e80000,0x00000000e8b00000)
 ParOldGen       total 188928K, used 18975K [0x00000000a0000000, 0x00000000ab880000, 0x00000000e0000000)
  object space 188928K, 10% used [0x00000000a0000000,0x00000000a1287c08,0x00000000ab880000)
 Metaspace       used 49776K, capacity 50986K, committed 51200K, reserved 1093632K
  class space    used 6713K, capacity 7071K, committed 7168K, reserved 1048576K
Event: 14.643 GC heap after
Heap after GC invocations=10 (full 2):
 PSYoungGen      total 127488K, used 12780K [0x00000000e0000000, 0x00000000e9080000, 0x0000000100000000)
  eden space 114688K, 0% used [0x00000000e0000000,0x00000000e0000000,0x00000000e7000000)
  from space 12800K, 99% used [0x00000000e7e80000,0x00000000e8afb228,0x00000000e8b00000)
  to   space 14848K, 0% used [0x00000000e7000000,0x00000000e7000000,0x00000000e7e80000)
 ParOldGen       total 188928K, used 21267K [0x00000000a0000000, 0x00000000ab880000, 0x00000000e0000000)
  object space 188928K, 11% used [0x00000000a0000000,0x00000000a14c4f08,0x00000000ab880000)
 Metaspace       used 49776K, capacity 50986K, committed 51200K, reserved 1093632K
  class space    used 6713K, capacity 7071K, committed 7168K, reserved 1048576K
}
Event: 16.499 GC heap before
{Heap before GC invocations=11 (full 2):
 PSYoungGen      total 127488K, used 127468K [0x00000000e0000000, 0x00000000e9080000, 0x0000000100000000)
  eden space 114688K, 100% used [0x00000000e0000000,0x00000000e7000000,0x00000000e7000000)
  from space 12800K, 99% used [0x00000000e7e80000,0x00000000e8afb228,0x00000000e8b00000)
  to   space 14848K, 0% used [0x00000000e7000000,0x00000000e7000000,0x00000000e7e80000)
 ParOldGen       total 188928K, used 21267K [0x00000000a0000000, 0x00000000ab880000, 0x00000000e0000000)
  object space 188928K, 11% used [0x00000000a0000000,0x00000000a14c4f08,0x00000000ab880000)
 Metaspace       used 56342K, capacity 58098K, committed 58368K, reserved 1099776K
  class space    used 7694K, capacity 8130K, committed 8192K, reserved 1048576K
Event: 16.516 GC heap after
Heap after GC invocations=11 (full 2):
 PSYoungGen      total 129536K, used 14845K [0x00000000e0000000, 0x00000000eb180000, 0x0000000100000000)
  eden space 114688K, 0% used [0x00000000e0000000,0x00000000e0000000,0x00000000e7000000)
  from space 14848K, 99% used [0x00000000e7000000,0x00000000e7e7f520,0x00000000e7e80000)
  to   space 18944K, 0% used [0x00000000e9f00000,0x00000000e9f00000,0x00000000eb180000)
 ParOldGen       total 188928K, used 27161K [0x00000000a0000000, 0x00000000ab880000, 0x00000000e0000000)
  object space 188928K, 14% used [0x00000000a0000000,0x00000000a1a867e0,0x00000000ab880000)
 Metaspace       used 56342K, capacity 58098K, committed 58368K, reserved 1099776K
  class space    used 7694K, capacity 8130K, committed 8192K, reserved 1048576K
}
Event: 17.024 GC heap before
{Heap before GC invocations=12 (full 2):
 PSYoungGen      total 129536K, used 106412K [0x00000000e0000000, 0x00000000eb180000, 0x0000000100000000)
  eden space 114688K, 79% used [0x00000000e0000000,0x00000000e596bae0,0x00000000e7000000)
  from space 14848K, 99% used [0x00000000e7000000,0x00000000e7e7f520,0x00000000e7e80000)
  to   space 18944K, 0% used [0x00000000e9f00000,0x00000000e9f00000,0x00000000eb180000)
 ParOldGen       total 188928K, used 27161K [0x00000000a0000000, 0x00000000ab880000, 0x00000000e0000000)
  object space 188928K, 14% used [0x00000000a0000000,0x00000000a1a867e0,0x00000000ab880000)
 Metaspace       used 57032K, capacity 58952K, committed 59008K, reserved 1099776K
  class space    used 7809K, capacity 8282K, committed 8320K, reserved 1048576K
Event: 17.042 GC heap after
Heap after GC invocations=12 (full 2):
 PSYoungGen      total 158208K, used 18925K [0x00000000e0000000, 0x00000000ec800000, 0x0000000100000000)
  eden space 139264K, 0% used [0x00000000e0000000,0x00000000e0000000,0x00000000e8800000)
  from space 18944K, 99% used [0x00000000e9f00000,0x00000000eb17b510,0x00000000eb180000)
  to   space 23552K, 0% used [0x00000000e8800000,0x00000000e8800000,0x00000000e9f00000)
 ParOldGen       total 188928K, used 34368K [0x00000000a0000000, 0x00000000ab880000, 0x00000000e0000000)
  object space 188928K, 18% used [0x00000000a0000000,0x00000000a21902a0,0x00000000ab880000)
 Metaspace       used 57032K, capacity 58952K, committed 59008K, reserved 1099776K
  class space    used 7809K, capacity 8282K, committed 8320K, reserved 1048576K
}
Event: 17.042 GC heap before
{Heap before GC invocations=13 (full 3):
 PSYoungGen      total 158208K, used 18925K [0x00000000e0000000, 0x00000000ec800000, 0x0000000100000000)
  eden space 139264K, 0% used [0x00000000e0000000,0x00000000e0000000,0x00000000e8800000)
  from space 18944K, 99% used [0x00000000e9f00000,0x00000000eb17b510,0x00000000eb180000)
  to   space 23552K, 0% used [0x00000000e8800000,0x00000000e8800000,0x00000000e9f00000)
 ParOldGen       total 188928K, used 34368K [0x00000000a0000000, 0x00000000ab880000, 0x00000000e0000000)
  object space 188928K, 18% used [0x00000000a0000000,0x00000000a21902a0,0x00000000ab880000)
 Metaspace       used 57032K, capacity 58952K, committed 59008K, reserved 1099776K
  class space    used 7809K, capacity 8282K, committed 8320K, reserved 1048576K
Event: 17.293 GC heap after
Heap after GC invocations=13 (full 3):
 PSYoungGen      total 158208K, used 0K [0x00000000e0000000, 0x00000000ec800000, 0x0000000100000000)
  eden space 139264K, 0% used [0x00000000e0000000,0x00000000e0000000,0x00000000e8800000)
  from space 18944K, 0% used [0x00000000e9f00000,0x00000000e9f00000,0x00000000eb180000)
  to   space 23552K, 0% used [0x00000000e8800000,0x00000000e8800000,0x00000000e9f00000)
 ParOldGen       total 278016K, used 43142K [0x00000000a0000000, 0x00000000b0f80000, 0x00000000e0000000)
  object space 278016K, 15% used [0x00000000a0000000,0x00000000a2a21b78,0x00000000b0f80000)
 Metaspace       used 57032K, capacity 58952K, committed 59008K, reserved 1099776K
  class space    used 7809K, capacity 8282K, committed 8320K, reserved 1048576K
}

Deoptimization events (10 events):
Event: 16.474 Thread 0x000000001a57b000 Uncommon trap: reason=class_check action=maybe_recompile pc=0x0000000003aea514 method=groovy.lang.MetaMethod.isStatic()Z @ 1
Event: 16.474 Thread 0x000000001a57b000 Uncommon trap: reason=class_check action=maybe_recompile pc=0x0000000003aea514 method=groovy.lang.MetaMethod.isStatic()Z @ 1
Event: 16.474 Thread 0x000000001a57b000 Uncommon trap: reason=class_check action=maybe_recompile pc=0x0000000003aea514 method=groovy.lang.MetaMethod.isStatic()Z @ 1
Event: 16.474 Thread 0x000000001a57b000 Uncommon trap: reason=class_check action=maybe_recompile pc=0x0000000003aea514 method=groovy.lang.MetaMethod.isStatic()Z @ 1
Event: 16.647 Thread 0x000000001a57b000 Uncommon trap: reason=predicate action=maybe_recompile pc=0x0000000003cd72f8 method=java.util.AbstractCollection.toArray([Ljava/lang/Object;)[Ljava/lang/Object; @ 49
Event: 16.656 Thread 0x000000001a57b000 Uncommon trap: reason=array_check action=maybe_recompile pc=0x0000000003cd9e70 method=java.util.AbstractCollection.toArray([Ljava/lang/Object;)[Ljava/lang/Object; @ 119
Event: 16.656 Thread 0x000000001a57b000 Uncommon trap: reason=array_check action=maybe_recompile pc=0x0000000003cd9e70 method=java.util.AbstractCollection.toArray([Ljava/lang/Object;)[Ljava/lang/Object; @ 119
Event: 16.660 Thread 0x000000001a57b000 Uncommon trap: reason=array_check action=maybe_recompile pc=0x0000000003cd9e70 method=java.util.AbstractCollection.toArray([Ljava/lang/Object;)[Ljava/lang/Object; @ 119
Event: 16.660 Thread 0x000000001a57b000 Uncommon trap: reason=array_check action=maybe_recompile pc=0x0000000003cd9e70 method=java.util.AbstractCollection.toArray([Ljava/lang/Object;)[Ljava/lang/Object; @ 119
Event: 16.996 Thread 0x000000001a57b000 Uncommon trap: reason=unstable_if action=reinterpret pc=0x0000000003cf1504 method=org.codehaus.groovy.reflection.CachedClass.isAssignableFrom(Ljava/lang/Class;)Z @ 1

Classes redefined (0 events):
No events

Internal exceptions (10 events):
Event: 17.015 Thread 0x000000001a57b000 Exception <a 'java/lang/ClassNotFoundException': org/gradle/api/internal/artifacts/configurations/DefaultConfigurationCustomizer> (0x00000000e56f5410) thrown at [D:\src\AOSP-openjdk-cygwin\jdk8u\hotspot\src\share\vm\classfile\systemDictionary.cpp, line 21
Event: 17.017 Thread 0x000000001a57b000 Exception <a 'java/lang/ClassNotFoundException': org/gradle/api/internal/artifacts/configurations/DefaultConfiguration_DecoratedCustomizer> (0x00000000e578aab8) thrown at [D:\src\AOSP-openjdk-cygwin\jdk8u\hotspot\src\share\vm\classfile\systemDictionary.cp
Event: 17.021 Thread 0x000000001a57b000 Exception <a 'java/lang/ClassNotFoundException': org/gradle/api/internal/artifacts/DefaultPublishArtifactSetBeanInfo> (0x00000000e5855110) thrown at [D:\src\AOSP-openjdk-cygwin\jdk8u\hotspot\src\share\vm\classfile\systemDictionary.cpp, line 210]
Event: 17.021 Thread 0x000000001a57b000 Exception <a 'java/lang/ClassNotFoundException': org/gradle/api/internal/DelegatingDomainObjectSetBeanInfo> (0x00000000e5869240) thrown at [D:\src\AOSP-openjdk-cygwin\jdk8u\hotspot\src\share\vm\classfile\systemDictionary.cpp, line 210]
Event: 17.021 Thread 0x000000001a57b000 Exception <a 'java/lang/ClassNotFoundException': org/gradle/api/internal/DelegatingDomainObjectSetCustomizer> (0x00000000e587e048) thrown at [D:\src\AOSP-openjdk-cygwin\jdk8u\hotspot\src\share\vm\classfile\systemDictionary.cpp, line 210]
Event: 17.022 Thread 0x000000001a57b000 Exception <a 'java/lang/ClassNotFoundException': org/gradle/api/internal/artifacts/DefaultPublishArtifactSetCustomizer> (0x00000000e58c8b98) thrown at [D:\src\AOSP-openjdk-cygwin\jdk8u\hotspot\src\share\vm\classfile\systemDictionary.cpp, line 210]
Event: 17.295 Thread 0x000000001a57b000 Exception <a 'java/lang/ClassNotFoundException': org/gradle/api/internal/file/DefaultFileCollectionFactory$1BeanInfo> (0x00000000e005d008) thrown at [D:\src\AOSP-openjdk-cygwin\jdk8u\hotspot\src\share\vm\classfile\systemDictionary.cpp, line 210]
Event: 17.295 Thread 0x000000001a57b000 Exception <a 'java/lang/ClassNotFoundException': org/gradle/api/internal/file/collections/FileCollectionAdapterBeanInfo> (0x00000000e0073f50) thrown at [D:\src\AOSP-openjdk-cygwin\jdk8u\hotspot\src\share\vm\classfile\systemDictionary.cpp, line 210]
Event: 17.296 Thread 0x000000001a57b000 Exception <a 'java/lang/ClassNotFoundException': org/gradle/api/internal/file/collections/FileCollectionAdapterCustomizer> (0x00000000e008b710) thrown at [D:\src\AOSP-openjdk-cygwin\jdk8u\hotspot\src\share\vm\classfile\systemDictionary.cpp, line 210]
Event: 17.298 Thread 0x000000001a57b000 Exception <a 'java/lang/ClassNotFoundException': org/gradle/api/internal/file/DefaultFileCollectionFactory$1Customizer> (0x00000000e00ab5e0) thrown at [D:\src\AOSP-openjdk-cygwin\jdk8u\hotspot\src\share\vm\classfile\systemDictionary.cpp, line 210]

Events (10 events):
Event: 17.393 loading class org/gradle/api/artifacts/ResolvedConfiguration
Event: 17.393 loading class org/gradle/api/artifacts/ResolvedConfiguration done
Event: 17.393 loading class org/gradle/api/internal/artifacts/ivyservice/ErrorHandlingConfigurationResolver$ErrorHandlingLenientConfiguration
Event: 17.393 loading class org/gradle/api/internal/artifacts/ivyservice/ErrorHandlingConfigurationResolver$ErrorHandlingLenientConfiguration done
Event: 17.393 loading class org/gradle/api/specs/Specs
Event: 17.393 loading class org/gradle/api/specs/Specs done
Event: 17.393 loading class org/gradle/api/artifacts/LenientConfiguration
Event: 17.393 loading class org/gradle/api/artifacts/LenientConfiguration done
Event: 17.393 loading class org/gradle/api/internal/artifacts/ivyservice/DefaultLenientConfiguration$LenientArtifactCollectingVisitor
Event: 17.393 loading class org/gradle/api/internal/artifacts/ivyservice/DefaultLenientConfiguration$LenientArtifactCollectingVisitor done


Dynamic libraries:
0x00007ff74f300000 - 0x00007ff74f331000 	D:\ide\android-studio-ide-173.4720617-windows\android-studio\jre\bin\java.exe
0x00007ff9dda10000 - 0x00007ff9ddbf1000 	C:\Windows\SYSTEM32\ntdll.dll
0x00007ff9dbeb0000 - 0x00007ff9dbf62000 	C:\Windows\System32\KERNEL32.DLL
0x00007ff9d9e60000 - 0x00007ff9da0d3000 	C:\Windows\System32\KERNELBASE.dll
0x00007ff9db3d0000 - 0x00007ff9db471000 	C:\Windows\System32\ADVAPI32.dll
0x00007ff9db330000 - 0x00007ff9db3ce000 	C:\Windows\System32\msvcrt.dll
0x00007ff9dd980000 - 0x00007ff9dd9db000 	C:\Windows\System32\sechost.dll
0x00007ff9dba60000 - 0x00007ff9dbb84000 	C:\Windows\System32\RPCRT4.dll
0x00007ff9db480000 - 0x00007ff9db610000 	C:\Windows\System32\USER32.dll
0x00007ff9dae80000 - 0x00007ff9daea0000 	C:\Windows\System32\win32u.dll
0x00007ff9dbe80000 - 0x00007ff9dbea8000 	C:\Windows\System32\GDI32.dll
0x00007ff9dac80000 - 0x00007ff9dae12000 	C:\Windows\System32\gdi32full.dll
0x00007ff9da0e0000 - 0x00007ff9da17f000 	C:\Windows\System32\msvcp_win.dll
0x00007ff9da1d0000 - 0x00007ff9da2ca000 	C:\Windows\System32\ucrtbase.dll
0x00007ff9cf770000 - 0x00007ff9cf9d9000 	C:\Windows\WinSxS\amd64_microsoft.windows.common-controls_6595b64144ccf1df_6.0.17134.112_none_fb3f961b30681c12\COMCTL32.dll
0x00007ff9dd630000 - 0x00007ff9dd953000 	C:\Windows\System32\combase.dll
0x00007ff9d9de0000 - 0x00007ff9d9e5a000 	C:\Windows\System32\bcryptPrimitives.dll
0x00007ff9dbe50000 - 0x00007ff9dbe7d000 	C:\Windows\System32\IMM32.DLL
0x00000000671a0000 - 0x0000000067272000 	D:\ide\android-studio-ide-173.4720617-windows\android-studio\jre\jre\bin\msvcr100.dll
0x00000000663a0000 - 0x0000000066bdf000 	D:\ide\android-studio-ide-173.4720617-windows\android-studio\jre\jre\bin\server\jvm.dll
0x00007ff9daf20000 - 0x00007ff9daf28000 	C:\Windows\System32\PSAPI.DLL
0x00007ff9cd830000 - 0x00007ff9cd839000 	C:\Windows\SYSTEM32\WSOCK32.dll
0x00007ff9dbde0000 - 0x00007ff9dbe4c000 	C:\Windows\System32\WS2_32.dll
0x00007ff9d0a90000 - 0x00007ff9d0a9a000 	C:\Windows\SYSTEM32\VERSION.dll
0x00007ff9d67c0000 - 0x00007ff9d67e3000 	C:\Windows\SYSTEM32\WINMM.dll
0x00007ff9d6790000 - 0x00007ff9d67ba000 	C:\Windows\SYSTEM32\winmmbase.dll
0x00007ff9da180000 - 0x00007ff9da1c9000 	C:\Windows\System32\cfgmgr32.dll
0x00007ff9cd6d0000 - 0x00007ff9cd6df000 	D:\ide\android-studio-ide-173.4720617-windows\android-studio\jre\jre\bin\verify.dll
0x00007ff9c1da0000 - 0x00007ff9c1dc9000 	D:\ide\android-studio-ide-173.4720617-windows\android-studio\jre\jre\bin\java.dll
0x00007ff9c7e30000 - 0x00007ff9c7e46000 	D:\ide\android-studio-ide-173.4720617-windows\android-studio\jre\jre\bin\zip.dll
0x00007ff9dc0d0000 - 0x00007ff9dd510000 	C:\Windows\System32\SHELL32.dll
0x00007ff9dd570000 - 0x00007ff9dd619000 	C:\Windows\System32\shcore.dll
0x00007ff9da380000 - 0x00007ff9daa8d000 	C:\Windows\System32\windows.storage.dll
0x00007ff9db0c0000 - 0x00007ff9db111000 	C:\Windows\System32\shlwapi.dll
0x00007ff9d9da0000 - 0x00007ff9d9db1000 	C:\Windows\System32\kernel.appcore.dll
0x00007ff9d9d80000 - 0x00007ff9d9d9f000 	C:\Windows\System32\profapi.dll
0x00007ff9d9d20000 - 0x00007ff9d9d6c000 	C:\Windows\System32\powrprof.dll
0x00007ff9d9d70000 - 0x00007ff9d9d7a000 	C:\Windows\System32\FLTLIB.DLL
0x00007ff9c2290000 - 0x00007ff9c22aa000 	D:\ide\android-studio-ide-173.4720617-windows\android-studio\jre\jre\bin\net.dll
0x00007ff9d9530000 - 0x00007ff9d9596000 	C:\Windows\system32\mswsock.dll
0x00007ff9c1340000 - 0x00007ff9c1351000 	D:\ide\android-studio-ide-173.4720617-windows\android-studio\jre\jre\bin\nio.dll
0x00007ff9cd980000 - 0x00007ff9cd99e000 	C:\Users\croco\.gradle\native\25\windows-amd64\native-platform.dll
0x00007ff9cde40000 - 0x00007ff9cde4d000 	D:\ide\android-studio-ide-173.4720617-windows\android-studio\jre\jre\bin\management.dll
0x00007ff9d9a60000 - 0x00007ff9d9a77000 	C:\Windows\SYSTEM32\CRYPTSP.dll
0x00007ff9d9120000 - 0x00007ff9d9153000 	C:\Windows\system32\rsaenh.dll
0x00007ff9d9890000 - 0x00007ff9d98b5000 	C:\Windows\SYSTEM32\bcrypt.dll
0x00007ff9d9c20000 - 0x00007ff9d9c48000 	C:\Windows\SYSTEM32\USERENV.dll
0x00007ff9d9690000 - 0x00007ff9d969b000 	C:\Windows\SYSTEM32\CRYPTBASE.dll
0x00007ff9d92c0000 - 0x00007ff9d92f8000 	C:\Windows\SYSTEM32\IPHLPAPI.DLL
0x00007ff9db320000 - 0x00007ff9db328000 	C:\Windows\System32\NSI.dll
0x00007ff9d19b0000 - 0x00007ff9d19c6000 	C:\Windows\SYSTEM32\dhcpcsvc6.DLL
0x00007ff9d1990000 - 0x00007ff9d19aa000 	C:\Windows\SYSTEM32\dhcpcsvc.DLL
0x00007ff9c7810000 - 0x00007ff9c79d9000 	C:\Windows\SYSTEM32\dbghelp.dll

VM Arguments:
jvm_args: -Xmx1536m -Dfile.encoding=GBK -Duser.country=CN -Duser.language=zh -Duser.variant 
java_command: org.gradle.launcher.daemon.bootstrap.GradleDaemon 4.4
java_class_path (initial): C:\Users\croco\.gradle\wrapper\dists\gradle-4.4-all\9br9xq1tocpiv8o6njlyu5op1\gradle-4.4\lib\gradle-launcher-4.4.jar
Launcher Type: SUN_STANDARD

Environment Variables:
JAVA_HOME=D:\java\jdk1.8.0_112
PATH=C:\Windows\system32;C:\Windows;C:\Windows\System32\Wbem;C:\Windows\System32\WindowsPowerShell\v1.0\;C:\Windows\System32\OpenSSH\;D:\java\jdk1.8.0_112\bin;C:\Program Files\Git\cmd;C:\sqlite;D:\Sdk\platform-tools\adb.exe;C:\Users\croco\AppData\Local\Microsoft\WindowsApps
USERNAME=croco
OS=Windows_NT
PROCESSOR_IDENTIFIER=Intel64 Family 6 Model 60 Stepping 3, GenuineIntel



---------------  S Y S T E M  ---------------

OS: Windows 10.0 , 64 bit Build 17134 (10.0.17134.1)

CPU:total 8 (initial active 8) (4 cores per cpu, 2 threads per core) family 6 model 60 stepping 3, cmov, cx8, fxsr, mmx, sse, sse2, sse3, ssse3, sse4.1, sse4.2, popcnt, avx, avx2, aes, clmul, erms, lzcnt, ht, tsc, tscinvbit, bmi1, bmi2

Memory: 4k page, physical 16430692k(9897772k free), swap 17479268k(9676340k free)

vm_info: OpenJDK 64-Bit Server VM (25.152-b02) for windows-amd64 JRE (1.8.0_152-release-1024-b02), built by "builder" with MS VC++ 10.0 (VS2010)

time: Sun Jun 24 20:56:11 2018
elapsed time: 17 seconds (0d 0h 0m 17s)

